#
# A fatal error has been detected by the Java Runtime Environment:
#
#  EXCEPTION_ACCESS_VIOLATION (0xc0000005) at pc=0x00007ffe16febcaa, pid=24848, tid=5940
#
# JRE version: Java(TM) SE Runtime Environment (20.0.1+9) (build 20.0.1+9-29)
# Java VM: Java HotSpot(TM) 64-Bit Server VM (20.0.1+9-29, mixed mode, sharing, tiered, compressed oops, compressed class ptrs, g1 gc, windows-amd64)
# Problematic frame:
# V  [jvm.dll+0x3cbcaa]
#
# No core dump will be written. Minidumps are not enabled by default on client versions of Windows
#
# If you would like to submit a bug report, please visit:
#   https://bugreport.java.com/bugreport/crash.jsp
#

---------------  S U M M A R Y ------------

Command Line: -javaagent:C:\Program Files\JetBrains\IntelliJ IDEA Community Edition 2024.3.1.1\lib\idea_rt.jar=5199:C:\Program Files\JetBrains\IntelliJ IDEA Community Edition 2024.3.1.1\bin -Dfile.encoding=UTF-8 -Dsun.stdout.encoding=UTF-8 -Dsun.stderr.encoding=UTF-8 Main

Host: Intel(R) Core(TM) i7-9700K CPU @ 3.60GHz, 8 cores, 31G,  Windows 10 , 64 bit Build 19041 (10.0.19041.5198)
Time: Mon Dec 30 23:35:14 2024 US Mountain Standard Time elapsed time: 0.272741 seconds (0d 0h 0m 0s)

---------------  T H R E A D  ---------------

Current thread (0x0000023be3deb180):  JavaThread "main" [_thread_in_vm, id=5940, stack(0x000000a7c1400000,0x000000a7c1500000)]

Stack: [0x000000a7c1400000,0x000000a7c1500000],  sp=0x000000a7c14fea10,  free space=1018k
Native frames: (J=compiled Java code, j=interpreted, Vv=VM code, C=native code)
V  [jvm.dll+0x3cbcaa]
V  [jvm.dll+0x3ccc52]
V  [jvm.dll+0x5c161c]
V  [jvm.dll+0x5beffe]
V  [jvm.dll+0x5c1cef]
V  [jvm.dll+0x5c0c14]
V  [jvm.dll+0x3dc020]
V  [jvm.dll+0x3db65f]
C  0x0000023bf33ee795

Java frames: (J=compiled Java code, j=interpreted, Vv=VM code)
j  javax.swing.plaf.basic.BasicButtonUI.installDefaults(Ljavax/swing/AbstractButton;)V+70 java.desktop@20.0.1
j  javax.swing.plaf.metal.MetalButtonUI.installDefaults(Ljavax/swing/AbstractButton;)V+2 java.desktop@20.0.1
j  javax.swing.plaf.basic.BasicButtonUI.installUI(Ljavax/swing/JComponent;)V+5 java.desktop@20.0.1
j  javax.swing.JComponent.setUI(Ljavax/swing/plaf/ComponentUI;)V+52 java.desktop@20.0.1
j  javax.swing.AbstractButton.setUI(Ljavax/swing/plaf/ButtonUI;)V+2 java.desktop@20.0.1
j  javax.swing.JButton.updateUI()V+8 java.desktop@20.0.1
j  javax.swing.AbstractButton.init(Ljava/lang/String;Ljavax/swing/Icon;)V+19 java.desktop@20.0.1
j  javax.swing.JButton.<init>(Ljava/lang/String;Ljavax/swing/Icon;)V+18 java.desktop@20.0.1
j  javax.swing.JButton.<init>(Ljava/lang/String;)V+3 java.desktop@20.0.1
j  Main.main([Ljava/lang/String;)V+34
v  ~StubRoutines::call_stub 0x0000023bf33c100d

siginfo: EXCEPTION_ACCESS_VIOLATION (0xc0000005), reading address 0xffffffffffffffff


Registers:
RAX=0x000000000000002a, RBX=0x0000023b8a2e6bd0, RCX=0x0800023b8a2e50d8, RDX=0x0000000000000140
RSP=0x000000a7c14fea10, RBP=0x0000023b8a2e6bd0, RSI=0x0000000000000000, RDI=0x0000000000000001
R8 =0x000000000000002b, R9 =0x000000000000002a, R10=0x0000023bfe2c9480, R11=0x0000000000000000
R12=0x0000023b8e1aeda8, R13=0x00000008010292c0, R14=0x0000023bfe2c9480, R15=0x0000023b8e1aeda8
RIP=0x00007ffe16febcaa, EFLAGS=0x0000000000010203


Register to memory mapping:

RIP=0x00007ffe16febcaa jvm.dll
RAX=0x000000000000002a is an unknown value
RBX=0x0000023b8a2e6bd0 is pointing into metadata
RCX=0x0800023b8a2e50d8 is an unknown value
RDX=0x0000000000000140 is an unknown value
RSP=0x000000a7c14fea10 is pointing into the stack for thread: 0x0000023be3deb180
RBP=0x0000023b8a2e6bd0 is pointing into metadata
RSI=0x0 is NULL
RDI=0x0000000000000001 is an unknown value
R8 =0x000000000000002b is an unknown value
R9 =0x000000000000002a is an unknown value
R10=0x0000023bfe2c9480 points into unknown readable memory: 0x6567000930b8ffff | ff ff b8 30 09 00 67 65
R11=0x0 is NULL
R12=0x0000023b8e1aeda8 points into unknown readable memory: 0x4c280025c858ffff | ff ff 58 c8 25 00 28 4c
R13=0x00000008010292c0 is a pointer to class: 
javax.swing.UIManager {0x00000008010292c8}
 - instance size:     2
 - klass size:        63
 - access:            public synchronized 
 - state:             fully_initialized
 - name:              'javax/swing/UIManager'
 - super:             'java/lang/Object'
 - sub:               
 - arrays:            NULL
 - methods:           Array<T>(0x0000023b8a2e6bd0)
 - method ordering:   Array<T>(0x0000000800b07928)
 - default_methods:   Array<T>(0x0000000000000000)
 - local interfaces:  Array<T>(0x0000023b8a2e6b60)
 - trans. interfaces: Array<T>(0x0000023b8a2e6b60)
 - constants:         constant pool [776]/operands[30] {0x0000023b8a2e50e0} for 'javax/swing/UIManager' cache=0x0000023b8a2e9f40
 - class loader data:  loader data: 0x0000023be3e9ef30 of 'bootstrap'
 - source file:       'UIManager.java'
 - class annotations:       Array<T>(0x0000000000000000)
 - class type annotations:  Array<T>(0x0000000000000000)
 - field annotations:       Array<T>(0x0000000000000000)
 - field type annotations:  Array<T>(0x0000000000000000)
 - inner classes:     Array<T>(0x0000023b8a2e9ee8)
 - nest members:     Array<T>(0x0000023b8a2e9f30)
 - permitted subclasses:     Array<T>(0x000000080060e648)
 - java mirror:       a 'java/lang/Class'{0x00000006208a1740} = 'javax/swing/UIManager'
 - vtable length      5  (start addr: 0x0000000801029480)
 - itable length      2 (start addr: 0x00000008010294a8)
 - ---- static fields (4 words):
 - private static final 'classLock' 'Ljava/lang/Object;' @112 
 - private static final 'defaultLAFKey' 'Ljava/lang/String;' @116 
 - private static final 'auxiliaryLAFsKey' 'Ljava/lang/String;' @120 
 - private static final 'multiplexingLAFKey' 'Ljava/lang/String;' @124 
 - private static final 'installedLAFsKey' 'Ljava/lang/String;' @128 
 - private static final 'disableMnemonicKey' 'Ljava/lang/String;' @132 
 - private static 'installedLAFs' '[Ljavax/swing/UIManager$LookAndFeelInfo;' @136 
 - ---- non-static fields (0 words):
 - non-static oop maps: 
R14=0x0000023bfe2c9480 points into unknown readable memory: 0x6567000930b8ffff | ff ff b8 30 09 00 67 65
R15=0x0000023b8e1aeda8 points into unknown readable memory: 0x4c280025c858ffff | ff ff 58 c8 25 00 28 4c


Top of Stack: (sp=0x000000a7c14fea10)
0x000000a7c14fea10:   0000000000000000 00007ffe16fecc52
0x000000a7c14fea20:   0000000000000001 00000008000a8b78
0x000000a7c14fea30:   0000023bf33e0da0 000000a7c14fec88
0x000000a7c14fea40:   00000008010292c0 000000a7c14fedd8
0x000000a7c14fea50:   0000023b8a3d27b6 00007ffe171e161c
0x000000a7c14fea60:   0000000000000000 000000a7c14feb60
0x000000a7c14fea70:   0000023be3deb180 0000023bfe2c9480
0x000000a7c14fea80:   000000a700000000 00007ffe171e1e61
0x000000a7c14fea90:   0000023be3deb180 0000023be1aeb140
0x000000a7c14feaa0:   00000008000a8b78 00007ffe16e46dc0
0x000000a7c14feab0:   000000a7c14ff168 0000023bf33ef49e
0x000000a7c14feac0:   000000a7c14ff1c0 000000a7c14fec58
0x000000a7c14fead0:   000000a7c14fed80 0000023b8a3d27b1
0x000000a7c14feae0:   0000000620b0df60 0000023be3e9ef30
0x000000a7c14feaf0:   0000023be3deb180 00007ffe170007c0
0x000000a7c14feb00:   000000a7c14febb9 00007ffe16f2a845
0x000000a7c14feb10:   000000a7c14fec58 000000a7c14fed80
0x000000a7c14feb20:   00000000ffffff01 0000023bf33e0da0
0x000000a7c14feb30:   0000023be3deb180 00007ffe170011e3
0x000000a7c14feb40:   0000023be3deb180 0000023be3deb180
0x000000a7c14feb50:   00007ffe175870c0 00000008000a8b78
0x000000a7c14feb60:   0000023be3deb180 0000000000000003
0x000000a7c14feb70:   00000008000a8b78 0000023be3deb180
0x000000a7c14feb80:   0000000800482ba8 0000000800482bc0
0x000000a7c14feb90:   0000aeb6a4a2b2a4 0000000000000000
0x000000a7c14feba0:   000000a7c14fedd8 000000a7c14feef0
0x000000a7c14febb0:   0000023b8a3d27b6 0000000000000001
0x000000a7c14febc0:   0000023be3deb180 0000023be3deb180
0x000000a7c14febd0:   000000a7c14fed50 00007ffe171deffe
0x000000a7c14febe0:   000000a7c14fed80 0000023be3deb180
0x000000a7c14febf0:   0000000620b0f498 0000023be3debb10
0x000000a7c14fec00:   000000a7c14fec48 00007ffe16e6663b 

Instructions: (pc=0x00007ffe16febcaa)
0x00007ffe16febbaa:   f7 2e 00 c6 05 bd 56 7e 00 01 4c 8b f3 48 8b 9b
0x00007ffe16febbba:   70 01 00 00 41 ff c4 48 85 db 0f 85 06 ff ff ff
0x00007ffe16febbca:   48 8b bc 24 88 00 00 00 48 8b ac 24 90 00 00 00
0x00007ffe16febbda:   48 83 3d ae 5a 7e 00 00 4c 8b 6c 24 40 48 8b 5c
0x00007ffe16febbea:   24 68 74 12 44 8b c6 48 8d 0d 68 52 5c 00 41 8b
0x00007ffe16febbfa:   d4 e8 50 66 ff ff 48 83 3f 00 4c 8b 64 24 48 48
0x00007ffe16febc0a:   8b 74 24 58 74 18 48 8b 94 24 98 00 00 00 49 8b
0x00007ffe16febc1a:   cf e8 40 74 cf ff 48 8b cf e8 48 73 cf ff 49 39
0x00007ffe16febc2a:   6f 18 74 11 48 8b 44 24 20 49 89 47 20 49 89 7f
0x00007ffe16febc3a:   10 49 89 6f 18 48 8b 7c 24 50 48 8b 6c 24 60 4c
0x00007ffe16febc4a:   8b 7c 24 38 48 83 c4 70 41 5e c3 cc cc cc cc cc
0x00007ffe16febc5a:   cc cc cc cc cc cc 40 53 80 3d 07 56 7e 00 00 4c
0x00007ffe16febc6a:   8b d2 48 8b d9 74 06 5b e9 19 c2 ff ff 44 8b 01
0x00007ffe16febc7a:   45 33 c9 41 83 e8 01 78 3f 0f 1f 40 00 66 0f 1f
0x00007ffe16febc8a:   84 00 00 00 00 00 43 8d 04 08 d1 f8 48 63 c8 48
0x00007ffe16febc9a:   8b 54 cb 08 48 8b 4a 08 0f b7 51 22 48 8b 49 08
0x00007ffe16febcaa:   4c 39 54 d1 48 73 06 44 8d 48 01 eb 06 74 0e 44
0x00007ffe16febcba:   8d 40 ff 45 3b c8 7e ce b8 ff ff ff ff 5b c3 cc
0x00007ffe16febcca:   cc cc cc cc cc cc 48 89 5c 24 18 55 56 57 48 81
0x00007ffe16febcda:   ec e0 00 00 00 48 8b 05 9a 81 7a 00 48 33 c4 48
0x00007ffe16febcea:   89 84 24 d0 00 00 00 33 ff 48 8b f2 48 8b e9 48
0x00007ffe16febcfa:   85 c9 75 04 8b df eb 34 48 8b 8a 58 02 00 00 48
0x00007ffe16febd0a:   8b 59 18 48 8b 41 20 48 2b c3 48 83 f8 08 72 0a
0x00007ffe16febd1a:   48 8d 43 08 48 89 41 18 eb 0f 45 33 c0 41 8d 50
0x00007ffe16febd2a:   08 e8 c0 70 cf ff 48 8b d8 48 89 2b 48 8b 0d f3
0x00007ffe16febd3a:   ef 81 00 48 8d 44 24 58 48 89 84 24 a8 00 00 00
0x00007ffe16febd4a:   48 8d 84 24 99 00 00 00 48 89 84 24 b0 00 00 00
0x00007ffe16febd5a:   c7 44 24 38 0e 00 00 00 48 89 bc 24 c8 00 00 00
0x00007ffe16febd6a:   c7 84 24 bc 00 00 00 08 00 00 00 40 88 bc 24 c0
0x00007ffe16febd7a:   00 00 00 c6 84 24 99 00 00 00 02 48 89 5c 24 58
0x00007ffe16febd8a:   c7 84 24 b8 00 00 00 01 00 00 00 e8 86 3f 44 00
0x00007ffe16febd9a:   48 89 44 24 28 48 89 74 24 30 48 85 c0 74 16 48 


Stack slot to memory mapping:
stack at sp + 0 slots: 0x0 is NULL
stack at sp + 1 slots: 0x00007ffe16fecc52 jvm.dll
stack at sp + 2 slots: 0x0000000000000001 is an unknown value
stack at sp + 3 slots: {method} {0x00000008000a8b80} 'linkCallSite' '(Ljava/lang/Object;Ljava/lang/Object;Ljava/lang/Object;Ljava/lang/Object;Ljava/lang/Object;[Ljava/lang/Object;)Ljava/lang/invoke/MemberName;' in 'java/lang/invoke/MethodHandleNatives'
stack at sp + 4 slots: 0x0000023bf33e0da0 is at code_begin+0 in an Interpreter codelet
method entry point (kind = zerolocals)  [0x0000023bf33e0da0, 0x0000023bf33e1148]  936 bytes
stack at sp + 5 slots: 0x000000a7c14fec88 is pointing into the stack for thread: 0x0000023be3deb180
stack at sp + 6 slots: 0x00000008010292c0 is a pointer to class: 
javax.swing.UIManager {0x00000008010292c8}
 - instance size:     2
 - klass size:        63
 - access:            public synchronized 
 - state:             fully_initialized
 - name:              'javax/swing/UIManager'
 - super:             'java/lang/Object'
 - sub:               
 - arrays:            NULL
 - methods:           Array<T>(0x0000023b8a2e6bd0)
 - method ordering:   Array<T>(0x0000000800b07928)
 - default_methods:   Array<T>(0x0000000000000000)
 - local interfaces:  Array<T>(0x0000023b8a2e6b60)
 - trans. interfaces: Array<T>(0x0000023b8a2e6b60)
 - constants:         constant pool [776]/operands[30] {0x0000023b8a2e50e0} for 'javax/swing/UIManager' cache=0x0000023b8a2e9f40
 - class loader data:  loader data: 0x0000023be3e9ef30 of 'bootstrap'
 - source file:       'UIManager.java'
 - class annotations:       Array<T>(0x0000000000000000)
 - class type annotations:  Array<T>(0x0000000000000000)
 - field annotations:       Array<T>(0x0000000000000000)
 - field type annotations:  Array<T>(0x0000000000000000)
 - inner classes:     Array<T>(0x0000023b8a2e9ee8)
 - nest members:     Array<T>(0x0000023b8a2e9f30)
 - permitted subclasses:     Array<T>(0x000000080060e648)
 - java mirror:       a 'java/lang/Class'{0x00000006208a1740} = 'javax/swing/UIManager'
 - vtable length      5  (start addr: 0x0000000801029480)
 - itable length      2 (start addr: 0x00000008010294a8)
 - ---- static fields (4 words):
 - private static final 'classLock' 'Ljava/lang/Object;' @112 
 - private static final 'defaultLAFKey' 'Ljava/lang/String;' @116 
 - private static final 'auxiliaryLAFsKey' 'Ljava/lang/String;' @120 
 - private static final 'multiplexingLAFKey' 'Ljava/lang/String;' @124 
 - private static final 'installedLAFsKey' 'Ljava/lang/String;' @128 
 - private static final 'disableMnemonicKey' 'Ljava/lang/String;' @132 
 - private static 'installedLAFs' '[Ljavax/swing/UIManager$LookAndFeelInfo;' @136 
 - ---- non-static fields (0 words):
 - non-static oop maps: 
stack at sp + 7 slots: 0x000000a7c14fedd8 is pointing into the stack for thread: 0x0000023be3deb180


---------------  P R O C E S S  ---------------

Threads class SMR info:
_java_thread_list=0x0000023b8e3f77c0, length=15, elements={
0x0000023be3deb180, 0x0000023b8e01b100, 0x0000023b8e01bf00, 0x0000023b8e020300,
0x0000023b8e020c40, 0x0000023b8e021580, 0x0000023b8e0226d0, 0x0000023b8e025350,
0x0000023b8e0264f0, 0x0000023b8e13c750, 0x0000023b8e22cc50, 0x0000023b8e22d1a0,
0x0000023b8e3cff00, 0x0000023b8e3f33a0, 0x0000023b8e3f8840
}

Java Threads: ( => current thread )
=>0x0000023be3deb180 JavaThread "main" [_thread_in_vm, id=5940, stack(0x000000a7c1400000,0x000000a7c1500000)]
  0x0000023b8e01b100 JavaThread "Reference Handler" daemon [_thread_blocked, id=26660, stack(0x000000a7c1b00000,0x000000a7c1c00000)]
  0x0000023b8e01bf00 JavaThread "Finalizer" daemon [_thread_blocked, id=20888, stack(0x000000a7c1c00000,0x000000a7c1d00000)]
  0x0000023b8e020300 JavaThread "Signal Dispatcher" daemon [_thread_blocked, id=28344, stack(0x000000a7c1d00000,0x000000a7c1e00000)]
  0x0000023b8e020c40 JavaThread "Attach Listener" daemon [_thread_blocked, id=2360, stack(0x000000a7c1e00000,0x000000a7c1f00000)]
  0x0000023b8e021580 JavaThread "Service Thread" daemon [_thread_blocked, id=15000, stack(0x000000a7c1f00000,0x000000a7c2000000)]
  0x0000023b8e0226d0 JavaThread "Monitor Deflation Thread" daemon [_thread_blocked, id=26740, stack(0x000000a7c2000000,0x000000a7c2100000)]
  0x0000023b8e025350 JavaThread "C2 CompilerThread0" daemon [_thread_blocked, id=25576, stack(0x000000a7c2100000,0x000000a7c2200000)]
  0x0000023b8e0264f0 JavaThread "C1 CompilerThread0" daemon [_thread_blocked, id=19844, stack(0x000000a7c2200000,0x000000a7c2300000)]
  0x0000023b8e13c750 JavaThread "Common-Cleaner" daemon [_thread_blocked, id=12700, stack(0x000000a7c2300000,0x000000a7c2400000)]
  0x0000023b8e22cc50 JavaThread "Monitor Ctrl-Break" daemon [_thread_in_native, id=16960, stack(0x000000a7c2400000,0x000000a7c2500000)]
  0x0000023b8e22d1a0 JavaThread "Notification Thread" daemon [_thread_blocked, id=24404, stack(0x000000a7c2500000,0x000000a7c2600000)]
  0x0000023b8e3cff00 JavaThread "Java2D Disposer" daemon [_thread_blocked, id=25896, stack(0x000000a7c2700000,0x000000a7c2800000)]
  0x0000023b8e3f33a0 JavaThread "AWT-Shutdown" [_thread_blocked, id=8988, stack(0x000000a7c2800000,0x000000a7c2900000)]
  0x0000023b8e3f8840 JavaThread "AWT-Windows" daemon [_thread_in_native, id=19916, stack(0x000000a7c2900000,0x000000a7c2a00000)]

Other Threads:
  0x0000023bfe3b7110 VMThread "VM Thread" [stack: 0x000000a7c1a00000,0x000000a7c1b00000] [id=20392]
  0x0000023b8e2753d0 WatcherThread "VM Periodic Task Thread" [stack: 0x000000a7c2600000,0x000000a7c2700000] [id=26288]
  0x0000023be3e5a870 WorkerThread "GC Thread#0" [stack: 0x000000a7c1500000,0x000000a7c1600000] [id=14252]
  0x0000023be3e6c710 ConcurrentGCThread "G1 Main Marker" [stack: 0x000000a7c1600000,0x000000a7c1700000] [id=23324]
  0x0000023be3e6d2e0 WorkerThread "G1 Conc#0" [stack: 0x000000a7c1700000,0x000000a7c1800000] [id=15148]
  0x0000023bfe261190 ConcurrentGCThread "G1 Refine#0" [stack: 0x000000a7c1800000,0x000000a7c1900000] [id=28224]
  0x0000023bfe261c30 ConcurrentGCThread "G1 Service" [stack: 0x000000a7c1900000,0x000000a7c1a00000] [id=15528]

Threads with active compile tasks:

VM state: not at safepoint (normal execution)

VM Mutex/Monitor currently owned by a thread: None

Heap address: 0x0000000601000000, size: 8176 MB, Compressed Oops mode: Zero based, Oop shift amount: 3

CDS archive(s) mapped at: [0x0000000800000000-0x0000000800c60000-0x0000000800c60000), size 12976128, SharedBaseAddress: 0x0000000800000000, ArchiveRelocationMode: 0.
Compressed class space mapped at: 0x0000000801000000-0x0000000841000000, reserved size: 1073741824
Narrow klass base: 0x0000000800000000, Narrow klass shift: 0, Narrow klass range: 0x100000000

GC Precious Log:
 CardTable entry size: 512
 Card Set container configuration: InlinePtr #cards 4 size 8 Array Of Cards #cards 32 size 80 Howl #buckets 8 coarsen threshold 7372 Howl Bitmap #cards 1024 size 144 coarsen threshold 921 Card regions per heap region 1 cards per card region 8192
 CPUs: 8 total, 8 available
 Memory: 32702M
 Large Page Support: Disabled
 NUMA Support: Disabled
 Compressed Oops: Enabled (Zero based)
 Heap Region Size: 4M
 Heap Min Capacity: 8M
 Heap Initial Capacity: 512M
 Heap Max Capacity: 8176M
 Pre-touch: Disabled
 Parallel Workers: 8
 Concurrent Workers: 2
 Concurrent Refinement Workers: 8
 Periodic GC: Disabled

Heap:
 garbage-first heap   total 524288K, used 4096K [0x0000000601000000, 0x0000000800000000)
  region size 4096K, 2 young (8192K), 0 survivors (0K)
 Metaspace       used 4513K, committed 4672K, reserved 1114112K
  class space    used 473K, committed 512K, reserved 1048576K

Heap Regions: E=young(eden), S=young(survivor), O=old, HS=humongous(starts), HC=humongous(continues), CS=collection set, F=free, OA=open archive, CA=closed archive, TAMS=top-at-mark-start, PB=parsable bottom
|   0|0x0000000601000000, 0x0000000601000000, 0x0000000601400000|  0%| F|  |TAMS 0x0000000601000000| PB 0x0000000601000000| Untracked 
|   1|0x0000000601400000, 0x0000000601400000, 0x0000000601800000|  0%| F|  |TAMS 0x0000000601400000| PB 0x0000000601400000| Untracked 
|   2|0x0000000601800000, 0x0000000601800000, 0x0000000601c00000|  0%| F|  |TAMS 0x0000000601800000| PB 0x0000000601800000| Untracked 
|   3|0x0000000601c00000, 0x0000000601c00000, 0x0000000602000000|  0%| F|  |TAMS 0x0000000601c00000| PB 0x0000000601c00000| Untracked 
|   4|0x0000000602000000, 0x0000000602000000, 0x0000000602400000|  0%| F|  |TAMS 0x0000000602000000| PB 0x0000000602000000| Untracked 
|   5|0x0000000602400000, 0x0000000602400000, 0x0000000602800000|  0%| F|  |TAMS 0x0000000602400000| PB 0x0000000602400000| Untracked 
|   6|0x0000000602800000, 0x0000000602800000, 0x0000000602c00000|  0%| F|  |TAMS 0x0000000602800000| PB 0x0000000602800000| Untracked 
|   7|0x0000000602c00000, 0x0000000602c00000, 0x0000000603000000|  0%| F|  |TAMS 0x0000000602c00000| PB 0x0000000602c00000| Untracked 
|   8|0x0000000603000000, 0x0000000603000000, 0x0000000603400000|  0%| F|  |TAMS 0x0000000603000000| PB 0x0000000603000000| Untracked 
|   9|0x0000000603400000, 0x0000000603400000, 0x0000000603800000|  0%| F|  |TAMS 0x0000000603400000| PB 0x0000000603400000| Untracked 
|  10|0x0000000603800000, 0x0000000603800000, 0x0000000603c00000|  0%| F|  |TAMS 0x0000000603800000| PB 0x0000000603800000| Untracked 
|  11|0x0000000603c00000, 0x0000000603c00000, 0x0000000604000000|  0%| F|  |TAMS 0x0000000603c00000| PB 0x0000000603c00000| Untracked 
|  12|0x0000000604000000, 0x0000000604000000, 0x0000000604400000|  0%| F|  |TAMS 0x0000000604000000| PB 0x0000000604000000| Untracked 
|  13|0x0000000604400000, 0x0000000604400000, 0x0000000604800000|  0%| F|  |TAMS 0x0000000604400000| PB 0x0000000604400000| Untracked 
|  14|0x0000000604800000, 0x0000000604800000, 0x0000000604c00000|  0%| F|  |TAMS 0x0000000604800000| PB 0x0000000604800000| Untracked 
|  15|0x0000000604c00000, 0x0000000604c00000, 0x0000000605000000|  0%| F|  |TAMS 0x0000000604c00000| PB 0x0000000604c00000| Untracked 
|  16|0x0000000605000000, 0x0000000605000000, 0x0000000605400000|  0%| F|  |TAMS 0x0000000605000000| PB 0x0000000605000000| Untracked 
|  17|0x0000000605400000, 0x0000000605400000, 0x0000000605800000|  0%| F|  |TAMS 0x0000000605400000| PB 0x0000000605400000| Untracked 
|  18|0x0000000605800000, 0x0000000605800000, 0x0000000605c00000|  0%| F|  |TAMS 0x0000000605800000| PB 0x0000000605800000| Untracked 
|  19|0x0000000605c00000, 0x0000000605c00000, 0x0000000606000000|  0%| F|  |TAMS 0x0000000605c00000| PB 0x0000000605c00000| Untracked 
|  20|0x0000000606000000, 0x0000000606000000, 0x0000000606400000|  0%| F|  |TAMS 0x0000000606000000| PB 0x0000000606000000| Untracked 
|  21|0x0000000606400000, 0x0000000606400000, 0x0000000606800000|  0%| F|  |TAMS 0x0000000606400000| PB 0x0000000606400000| Untracked 
|  22|0x0000000606800000, 0x0000000606800000, 0x0000000606c00000|  0%| F|  |TAMS 0x0000000606800000| PB 0x0000000606800000| Untracked 
|  23|0x0000000606c00000, 0x0000000606c00000, 0x0000000607000000|  0%| F|  |TAMS 0x0000000606c00000| PB 0x0000000606c00000| Untracked 
|  24|0x0000000607000000, 0x0000000607000000, 0x0000000607400000|  0%| F|  |TAMS 0x0000000607000000| PB 0x0000000607000000| Untracked 
|  25|0x0000000607400000, 0x0000000607400000, 0x0000000607800000|  0%| F|  |TAMS 0x0000000607400000| PB 0x0000000607400000| Untracked 
|  26|0x0000000607800000, 0x0000000607800000, 0x0000000607c00000|  0%| F|  |TAMS 0x0000000607800000| PB 0x0000000607800000| Untracked 
|  27|0x0000000607c00000, 0x0000000607c00000, 0x0000000608000000|  0%| F|  |TAMS 0x0000000607c00000| PB 0x0000000607c00000| Untracked 
|  28|0x0000000608000000, 0x0000000608000000, 0x0000000608400000|  0%| F|  |TAMS 0x0000000608000000| PB 0x0000000608000000| Untracked 
|  29|0x0000000608400000, 0x0000000608400000, 0x0000000608800000|  0%| F|  |TAMS 0x0000000608400000| PB 0x0000000608400000| Untracked 
|  30|0x0000000608800000, 0x0000000608800000, 0x0000000608c00000|  0%| F|  |TAMS 0x0000000608800000| PB 0x0000000608800000| Untracked 
|  31|0x0000000608c00000, 0x0000000608c00000, 0x0000000609000000|  0%| F|  |TAMS 0x0000000608c00000| PB 0x0000000608c00000| Untracked 
|  32|0x0000000609000000, 0x0000000609000000, 0x0000000609400000|  0%| F|  |TAMS 0x0000000609000000| PB 0x0000000609000000| Untracked 
|  33|0x0000000609400000, 0x0000000609400000, 0x0000000609800000|  0%| F|  |TAMS 0x0000000609400000| PB 0x0000000609400000| Untracked 
|  34|0x0000000609800000, 0x0000000609800000, 0x0000000609c00000|  0%| F|  |TAMS 0x0000000609800000| PB 0x0000000609800000| Untracked 
|  35|0x0000000609c00000, 0x0000000609c00000, 0x000000060a000000|  0%| F|  |TAMS 0x0000000609c00000| PB 0x0000000609c00000| Untracked 
|  36|0x000000060a000000, 0x000000060a000000, 0x000000060a400000|  0%| F|  |TAMS 0x000000060a000000| PB 0x000000060a000000| Untracked 
|  37|0x000000060a400000, 0x000000060a400000, 0x000000060a800000|  0%| F|  |TAMS 0x000000060a400000| PB 0x000000060a400000| Untracked 
|  38|0x000000060a800000, 0x000000060a800000, 0x000000060ac00000|  0%| F|  |TAMS 0x000000060a800000| PB 0x000000060a800000| Untracked 
|  39|0x000000060ac00000, 0x000000060ac00000, 0x000000060b000000|  0%| F|  |TAMS 0x000000060ac00000| PB 0x000000060ac00000| Untracked 
|  40|0x000000060b000000, 0x000000060b000000, 0x000000060b400000|  0%| F|  |TAMS 0x000000060b000000| PB 0x000000060b000000| Untracked 
|  41|0x000000060b400000, 0x000000060b400000, 0x000000060b800000|  0%| F|  |TAMS 0x000000060b400000| PB 0x000000060b400000| Untracked 
|  42|0x000000060b800000, 0x000000060b800000, 0x000000060bc00000|  0%| F|  |TAMS 0x000000060b800000| PB 0x000000060b800000| Untracked 
|  43|0x000000060bc00000, 0x000000060bc00000, 0x000000060c000000|  0%| F|  |TAMS 0x000000060bc00000| PB 0x000000060bc00000| Untracked 
|  44|0x000000060c000000, 0x000000060c000000, 0x000000060c400000|  0%| F|  |TAMS 0x000000060c000000| PB 0x000000060c000000| Untracked 
|  45|0x000000060c400000, 0x000000060c400000, 0x000000060c800000|  0%| F|  |TAMS 0x000000060c400000| PB 0x000000060c400000| Untracked 
|  46|0x000000060c800000, 0x000000060c800000, 0x000000060cc00000|  0%| F|  |TAMS 0x000000060c800000| PB 0x000000060c800000| Untracked 
|  47|0x000000060cc00000, 0x000000060cc00000, 0x000000060d000000|  0%| F|  |TAMS 0x000000060cc00000| PB 0x000000060cc00000| Untracked 
|  48|0x000000060d000000, 0x000000060d000000, 0x000000060d400000|  0%| F|  |TAMS 0x000000060d000000| PB 0x000000060d000000| Untracked 
|  49|0x000000060d400000, 0x000000060d400000, 0x000000060d800000|  0%| F|  |TAMS 0x000000060d400000| PB 0x000000060d400000| Untracked 
|  50|0x000000060d800000, 0x000000060d800000, 0x000000060dc00000|  0%| F|  |TAMS 0x000000060d800000| PB 0x000000060d800000| Untracked 
|  51|0x000000060dc00000, 0x000000060dc00000, 0x000000060e000000|  0%| F|  |TAMS 0x000000060dc00000| PB 0x000000060dc00000| Untracked 
|  52|0x000000060e000000, 0x000000060e000000, 0x000000060e400000|  0%| F|  |TAMS 0x000000060e000000| PB 0x000000060e000000| Untracked 
|  53|0x000000060e400000, 0x000000060e400000, 0x000000060e800000|  0%| F|  |TAMS 0x000000060e400000| PB 0x000000060e400000| Untracked 
|  54|0x000000060e800000, 0x000000060e800000, 0x000000060ec00000|  0%| F|  |TAMS 0x000000060e800000| PB 0x000000060e800000| Untracked 
|  55|0x000000060ec00000, 0x000000060ec00000, 0x000000060f000000|  0%| F|  |TAMS 0x000000060ec00000| PB 0x000000060ec00000| Untracked 
|  56|0x000000060f000000, 0x000000060f000000, 0x000000060f400000|  0%| F|  |TAMS 0x000000060f000000| PB 0x000000060f000000| Untracked 
|  57|0x000000060f400000, 0x000000060f400000, 0x000000060f800000|  0%| F|  |TAMS 0x000000060f400000| PB 0x000000060f400000| Untracked 
|  58|0x000000060f800000, 0x000000060f800000, 0x000000060fc00000|  0%| F|  |TAMS 0x000000060f800000| PB 0x000000060f800000| Untracked 
|  59|0x000000060fc00000, 0x000000060fc00000, 0x0000000610000000|  0%| F|  |TAMS 0x000000060fc00000| PB 0x000000060fc00000| Untracked 
|  60|0x0000000610000000, 0x0000000610000000, 0x0000000610400000|  0%| F|  |TAMS 0x0000000610000000| PB 0x0000000610000000| Untracked 
|  61|0x0000000610400000, 0x0000000610400000, 0x0000000610800000|  0%| F|  |TAMS 0x0000000610400000| PB 0x0000000610400000| Untracked 
|  62|0x0000000610800000, 0x0000000610800000, 0x0000000610c00000|  0%| F|  |TAMS 0x0000000610800000| PB 0x0000000610800000| Untracked 
|  63|0x0000000610c00000, 0x0000000610c00000, 0x0000000611000000|  0%| F|  |TAMS 0x0000000610c00000| PB 0x0000000610c00000| Untracked 
|  64|0x0000000611000000, 0x0000000611000000, 0x0000000611400000|  0%| F|  |TAMS 0x0000000611000000| PB 0x0000000611000000| Untracked 
|  65|0x0000000611400000, 0x0000000611400000, 0x0000000611800000|  0%| F|  |TAMS 0x0000000611400000| PB 0x0000000611400000| Untracked 
|  66|0x0000000611800000, 0x0000000611800000, 0x0000000611c00000|  0%| F|  |TAMS 0x0000000611800000| PB 0x0000000611800000| Untracked 
|  67|0x0000000611c00000, 0x0000000611c00000, 0x0000000612000000|  0%| F|  |TAMS 0x0000000611c00000| PB 0x0000000611c00000| Untracked 
|  68|0x0000000612000000, 0x0000000612000000, 0x0000000612400000|  0%| F|  |TAMS 0x0000000612000000| PB 0x0000000612000000| Untracked 
|  69|0x0000000612400000, 0x0000000612400000, 0x0000000612800000|  0%| F|  |TAMS 0x0000000612400000| PB 0x0000000612400000| Untracked 
|  70|0x0000000612800000, 0x0000000612800000, 0x0000000612c00000|  0%| F|  |TAMS 0x0000000612800000| PB 0x0000000612800000| Untracked 
|  71|0x0000000612c00000, 0x0000000612c00000, 0x0000000613000000|  0%| F|  |TAMS 0x0000000612c00000| PB 0x0000000612c00000| Untracked 
|  72|0x0000000613000000, 0x0000000613000000, 0x0000000613400000|  0%| F|  |TAMS 0x0000000613000000| PB 0x0000000613000000| Untracked 
|  73|0x0000000613400000, 0x0000000613400000, 0x0000000613800000|  0%| F|  |TAMS 0x0000000613400000| PB 0x0000000613400000| Untracked 
|  74|0x0000000613800000, 0x0000000613800000, 0x0000000613c00000|  0%| F|  |TAMS 0x0000000613800000| PB 0x0000000613800000| Untracked 
|  75|0x0000000613c00000, 0x0000000613c00000, 0x0000000614000000|  0%| F|  |TAMS 0x0000000613c00000| PB 0x0000000613c00000| Untracked 
|  76|0x0000000614000000, 0x0000000614000000, 0x0000000614400000|  0%| F|  |TAMS 0x0000000614000000| PB 0x0000000614000000| Untracked 
|  77|0x0000000614400000, 0x0000000614400000, 0x0000000614800000|  0%| F|  |TAMS 0x0000000614400000| PB 0x0000000614400000| Untracked 
|  78|0x0000000614800000, 0x0000000614800000, 0x0000000614c00000|  0%| F|  |TAMS 0x0000000614800000| PB 0x0000000614800000| Untracked 
|  79|0x0000000614c00000, 0x0000000614c00000, 0x0000000615000000|  0%| F|  |TAMS 0x0000000614c00000| PB 0x0000000614c00000| Untracked 
|  80|0x0000000615000000, 0x0000000615000000, 0x0000000615400000|  0%| F|  |TAMS 0x0000000615000000| PB 0x0000000615000000| Untracked 
|  81|0x0000000615400000, 0x0000000615400000, 0x0000000615800000|  0%| F|  |TAMS 0x0000000615400000| PB 0x0000000615400000| Untracked 
|  82|0x0000000615800000, 0x0000000615800000, 0x0000000615c00000|  0%| F|  |TAMS 0x0000000615800000| PB 0x0000000615800000| Untracked 
|  83|0x0000000615c00000, 0x0000000615c00000, 0x0000000616000000|  0%| F|  |TAMS 0x0000000615c00000| PB 0x0000000615c00000| Untracked 
|  84|0x0000000616000000, 0x0000000616000000, 0x0000000616400000|  0%| F|  |TAMS 0x0000000616000000| PB 0x0000000616000000| Untracked 
|  85|0x0000000616400000, 0x0000000616400000, 0x0000000616800000|  0%| F|  |TAMS 0x0000000616400000| PB 0x0000000616400000| Untracked 
|  86|0x0000000616800000, 0x0000000616800000, 0x0000000616c00000|  0%| F|  |TAMS 0x0000000616800000| PB 0x0000000616800000| Untracked 
|  87|0x0000000616c00000, 0x0000000616c00000, 0x0000000617000000|  0%| F|  |TAMS 0x0000000616c00000| PB 0x0000000616c00000| Untracked 
|  88|0x0000000617000000, 0x0000000617000000, 0x0000000617400000|  0%| F|  |TAMS 0x0000000617000000| PB 0x0000000617000000| Untracked 
|  89|0x0000000617400000, 0x0000000617400000, 0x0000000617800000|  0%| F|  |TAMS 0x0000000617400000| PB 0x0000000617400000| Untracked 
|  90|0x0000000617800000, 0x0000000617800000, 0x0000000617c00000|  0%| F|  |TAMS 0x0000000617800000| PB 0x0000000617800000| Untracked 
|  91|0x0000000617c00000, 0x0000000617c00000, 0x0000000618000000|  0%| F|  |TAMS 0x0000000617c00000| PB 0x0000000617c00000| Untracked 
|  92|0x0000000618000000, 0x0000000618000000, 0x0000000618400000|  0%| F|  |TAMS 0x0000000618000000| PB 0x0000000618000000| Untracked 
|  93|0x0000000618400000, 0x0000000618400000, 0x0000000618800000|  0%| F|  |TAMS 0x0000000618400000| PB 0x0000000618400000| Untracked 
|  94|0x0000000618800000, 0x0000000618800000, 0x0000000618c00000|  0%| F|  |TAMS 0x0000000618800000| PB 0x0000000618800000| Untracked 
|  95|0x0000000618c00000, 0x0000000618c00000, 0x0000000619000000|  0%| F|  |TAMS 0x0000000618c00000| PB 0x0000000618c00000| Untracked 
|  96|0x0000000619000000, 0x0000000619000000, 0x0000000619400000|  0%| F|  |TAMS 0x0000000619000000| PB 0x0000000619000000| Untracked 
|  97|0x0000000619400000, 0x0000000619400000, 0x0000000619800000|  0%| F|  |TAMS 0x0000000619400000| PB 0x0000000619400000| Untracked 
|  98|0x0000000619800000, 0x0000000619800000, 0x0000000619c00000|  0%| F|  |TAMS 0x0000000619800000| PB 0x0000000619800000| Untracked 
|  99|0x0000000619c00000, 0x0000000619c00000, 0x000000061a000000|  0%| F|  |TAMS 0x0000000619c00000| PB 0x0000000619c00000| Untracked 
| 100|0x000000061a000000, 0x000000061a000000, 0x000000061a400000|  0%| F|  |TAMS 0x000000061a000000| PB 0x000000061a000000| Untracked 
| 101|0x000000061a400000, 0x000000061a400000, 0x000000061a800000|  0%| F|  |TAMS 0x000000061a400000| PB 0x000000061a400000| Untracked 
| 102|0x000000061a800000, 0x000000061a800000, 0x000000061ac00000|  0%| F|  |TAMS 0x000000061a800000| PB 0x000000061a800000| Untracked 
| 103|0x000000061ac00000, 0x000000061ac00000, 0x000000061b000000|  0%| F|  |TAMS 0x000000061ac00000| PB 0x000000061ac00000| Untracked 
| 104|0x000000061b000000, 0x000000061b000000, 0x000000061b400000|  0%| F|  |TAMS 0x000000061b000000| PB 0x000000061b000000| Untracked 
| 105|0x000000061b400000, 0x000000061b400000, 0x000000061b800000|  0%| F|  |TAMS 0x000000061b400000| PB 0x000000061b400000| Untracked 
| 106|0x000000061b800000, 0x000000061b800000, 0x000000061bc00000|  0%| F|  |TAMS 0x000000061b800000| PB 0x000000061b800000| Untracked 
| 107|0x000000061bc00000, 0x000000061bc00000, 0x000000061c000000|  0%| F|  |TAMS 0x000000061bc00000| PB 0x000000061bc00000| Untracked 
| 108|0x000000061c000000, 0x000000061c000000, 0x000000061c400000|  0%| F|  |TAMS 0x000000061c000000| PB 0x000000061c000000| Untracked 
| 109|0x000000061c400000, 0x000000061c400000, 0x000000061c800000|  0%| F|  |TAMS 0x000000061c400000| PB 0x000000061c400000| Untracked 
| 110|0x000000061c800000, 0x000000061c800000, 0x000000061cc00000|  0%| F|  |TAMS 0x000000061c800000| PB 0x000000061c800000| Untracked 
| 111|0x000000061cc00000, 0x000000061cc00000, 0x000000061d000000|  0%| F|  |TAMS 0x000000061cc00000| PB 0x000000061cc00000| Untracked 
| 112|0x000000061d000000, 0x000000061d000000, 0x000000061d400000|  0%| F|  |TAMS 0x000000061d000000| PB 0x000000061d000000| Untracked 
| 113|0x000000061d400000, 0x000000061d400000, 0x000000061d800000|  0%| F|  |TAMS 0x000000061d400000| PB 0x000000061d400000| Untracked 
| 114|0x000000061d800000, 0x000000061d800000, 0x000000061dc00000|  0%| F|  |TAMS 0x000000061d800000| PB 0x000000061d800000| Untracked 
| 115|0x000000061dc00000, 0x000000061dc00000, 0x000000061e000000|  0%| F|  |TAMS 0x000000061dc00000| PB 0x000000061dc00000| Untracked 
| 116|0x000000061e000000, 0x000000061e000000, 0x000000061e400000|  0%| F|  |TAMS 0x000000061e000000| PB 0x000000061e000000| Untracked 
| 117|0x000000061e400000, 0x000000061e400000, 0x000000061e800000|  0%| F|  |TAMS 0x000000061e400000| PB 0x000000061e400000| Untracked 
| 118|0x000000061e800000, 0x000000061e800000, 0x000000061ec00000|  0%| F|  |TAMS 0x000000061e800000| PB 0x000000061e800000| Untracked 
| 119|0x000000061ec00000, 0x000000061ec00000, 0x000000061f000000|  0%| F|  |TAMS 0x000000061ec00000| PB 0x000000061ec00000| Untracked 
| 120|0x000000061f000000, 0x000000061f000000, 0x000000061f400000|  0%| F|  |TAMS 0x000000061f000000| PB 0x000000061f000000| Untracked 
| 121|0x000000061f400000, 0x000000061f400000, 0x000000061f800000|  0%| F|  |TAMS 0x000000061f400000| PB 0x000000061f400000| Untracked 
| 122|0x000000061f800000, 0x000000061f800000, 0x000000061fc00000|  0%| F|  |TAMS 0x000000061f800000| PB 0x000000061f800000| Untracked 
| 123|0x000000061fc00000, 0x000000061fc00000, 0x0000000620000000|  0%| F|  |TAMS 0x000000061fc00000| PB 0x000000061fc00000| Untracked 
| 124|0x0000000620000000, 0x0000000620000000, 0x0000000620400000|  0%| F|  |TAMS 0x0000000620000000| PB 0x0000000620000000| Untracked 
| 125|0x0000000620400000, 0x0000000620400000, 0x0000000620800000|  0%| F|  |TAMS 0x0000000620400000| PB 0x0000000620400000| Untracked 
| 126|0x0000000620800000, 0x0000000620b5cf48, 0x0000000620c00000| 84%| E|  |TAMS 0x0000000620800000| PB 0x0000000620800000| Complete 
| 127|0x0000000620c00000, 0x0000000621000000, 0x0000000621000000|100%| E|CS|TAMS 0x0000000620c00000| PB 0x0000000620c00000| Complete 

Card table byte_map: [0x0000023bfc1c0000,0x0000023bfd1c0000] _byte_map_base: 0x0000023bf91b8000

Marking Bits: (CMBitMap*) 0x0000023be3e5aea0
 Bits: [0x0000023b80000000, 0x0000023b87fc0000)

Polling page: 0x0000023be1d10000

Metaspace:

Usage:
  Non-class:      3.94 MB used.
      Class:    473.64 KB used.
       Both:      4.41 MB used.

Virtual space:
  Non-class space:       64.00 MB reserved,       4.06 MB (  6%) committed,  1 nodes.
      Class space:        1.00 GB reserved,     512.00 KB ( <1%) committed,  1 nodes.
             Both:        1.06 GB reserved,       4.56 MB ( <1%) committed. 

Chunk freelists:
   Non-Class:  3.86 MB
       Class:  3.50 MB
        Both:  7.36 MB

MaxMetaspaceSize: unlimited
CompressedClassSpaceSize: 1.00 GB
Initial GC threshold: 21.00 MB
Current GC threshold: 21.00 MB
CDS: on
MetaspaceReclaimPolicy: balanced
 - commit_granule_bytes: 65536.
 - commit_granule_words: 8192.
 - virtual_space_node_default_size: 8388608.
 - enlarge_chunks_in_place: 1.
 - new_chunks_are_fully_committed: 0.
 - uncommit_free_chunks: 1.
 - use_allocation_guard: 0.


Internal statistics:

num_allocs_failed_limit: 0.
num_arena_births: 128.
num_arena_deaths: 0.
num_vsnodes_births: 2.
num_vsnodes_deaths: 0.
num_space_committed: 73.
num_space_uncommitted: 0.
num_chunks_returned_to_freelist: 0.
num_chunks_taken_from_freelist: 154.
num_chunk_merges: 0.
num_chunk_splits: 95.
num_chunks_enlarged: 45.
num_inconsistent_stats: 0.

CodeHeap 'non-profiled nmethods': size=120000Kb used=164Kb max_used=164Kb free=119835Kb
 bounds [0x0000023bf3960000, 0x0000023bf3bd0000, 0x0000023bfae90000]
CodeHeap 'profiled nmethods': size=120000Kb used=697Kb max_used=697Kb free=119302Kb
 bounds [0x0000023bebe90000, 0x0000023bec100000, 0x0000023bf33c0000]
CodeHeap 'non-nmethods': size=5760Kb used=1476Kb max_used=1495Kb free=4283Kb
 bounds [0x0000023bf33c0000, 0x0000023bf3630000, 0x0000023bf3960000]
 total_blobs=1033 nmethods=523 adapters=421
 compilation: enabled
              stopped_count=0, restarted_count=0
 full_count=0

Compilation events (20 events):
Event: 0.261 Thread 0x0000023b8e0264f0  507       3       jdk.internal.misc.CDS::isDumpingArchive (4 bytes)
Event: 0.261 Thread 0x0000023b8e0264f0 nmethod 507 0x0000023bebf3a110 code [0x0000023bebf3a2a0, 0x0000023bebf3a390]
Event: 0.262 Thread 0x0000023b8e0264f0  508       3       java.lang.CharacterDataLatin1::getProperties (11 bytes)
Event: 0.262 Thread 0x0000023b8e0264f0 nmethod 508 0x0000023bebf3a410 code [0x0000023bebf3a5a0, 0x0000023bebf3a6e8]
Event: 0.263 Thread 0x0000023b8e025350  509       4       java.util.HashMap::putVal (300 bytes)
Event: 0.263 Thread 0x0000023b8e0264f0  510       3       java.lang.String::endsWith (15 bytes)
Event: 0.263 Thread 0x0000023b8e0264f0 nmethod 510 0x0000023bebf3a790 code [0x0000023bebf3a940, 0x0000023bebf3ac80]
Event: 0.263 Thread 0x0000023b8e0264f0  511       3       sun.util.ResourceBundleEnumeration::hasMoreElements (117 bytes)
Event: 0.263 Thread 0x0000023b8e0264f0 nmethod 511 0x0000023bebf3ae10 code [0x0000023bebf3b020, 0x0000023bebf3baf8]
Event: 0.264 Thread 0x0000023b8e0264f0  513       3       java.lang.invoke.Invokers::checkExactType (17 bytes)
Event: 0.264 Thread 0x0000023b8e0264f0 nmethod 513 0x0000023bebf3bd10 code [0x0000023bebf3bea0, 0x0000023bebf3c0a0]
Event: 0.264 Thread 0x0000023b8e0264f0  514       3       java.lang.invoke.Invokers::checkCustomized (23 bytes)
Event: 0.265 Thread 0x0000023b8e0264f0 nmethod 514 0x0000023bebf3c190 code [0x0000023bebf3c320, 0x0000023bebf3c4e8]
Event: 0.266 Thread 0x0000023b8e0264f0  516       1       java.lang.reflect.Field::getName (5 bytes)
Event: 0.266 Thread 0x0000023b8e0264f0 nmethod 516 0x0000023bf3986990 code [0x0000023bf3986b00, 0x0000023bf3986bd0]
Event: 0.267 Thread 0x0000023b8e0264f0  519       3       sun.util.logging.PlatformLogger::isLoggable (23 bytes)
Event: 0.267 Thread 0x0000023b8e0264f0 nmethod 519 0x0000023bebf3c610 code [0x0000023bebf3c7c0, 0x0000023bebf3ca98]
Event: 0.267 Thread 0x0000023b8e0264f0  520       3       jdk.internal.logger.AbstractLoggerWrapper::isLoggable (26 bytes)
Event: 0.268 Thread 0x0000023b8e0264f0 nmethod 520 0x0000023bebf3cb90 code [0x0000023bebf3cd60, 0x0000023bebf3d2f0]
Event: 0.269 Thread 0x0000023b8e0264f0  522   !   3       sun.awt.AppContext::get (123 bytes)

GC Heap History (0 events):
No events

Dll operation events (11 events):
Event: 0.005 Loaded shared library D:\JDKs\bin\java.dll
Event: 0.010 Loaded shared library D:\JDKs\bin\jsvml.dll
Event: 0.043 Loaded shared library D:\JDKs\bin\zip.dll
Event: 0.044 Loaded shared library D:\JDKs\bin\instrument.dll
Event: 0.048 Loaded shared library D:\JDKs\bin\net.dll
Event: 0.049 Loaded shared library D:\JDKs\bin\nio.dll
Event: 0.051 Loaded shared library D:\JDKs\bin\zip.dll
Event: 0.056 Loaded shared library C:\Program Files\JetBrains\IntelliJ IDEA Community Edition 2024.3.1.1\bin\breakgen64.dll
Event: 0.061 Loaded shared library D:\JDKs\bin\extnet.dll
Event: 0.070 Loaded shared library D:\JDKs\bin\jimage.dll
Event: 0.079 Loaded shared library D:\JDKs\bin\awt.dll

Deoptimization events (20 events):
Event: 0.057 Thread 0x0000023be3deb180 Uncommon trap: trap_request=0xffffff45 fr.pc=0x0000023bf39706bc relative=0x00000000000000bc
Event: 0.057 Thread 0x0000023be3deb180 Uncommon trap: reason=unstable_if action=reinterpret pc=0x0000023bf39706bc method=java.lang.String.isLatin1()Z @ 10 c2
Event: 0.057 Thread 0x0000023be3deb180 DEOPT PACKING pc=0x0000023bf39706bc sp=0x000000a7c14ff090
Event: 0.057 Thread 0x0000023be3deb180 DEOPT UNPACKING pc=0x0000023bf3429d22 sp=0x000000a7c14fefd0 mode 2
Event: 0.262 Thread 0x0000023be3deb180 Uncommon trap: trap_request=0xffffffc6 fr.pc=0x0000023bf396d8e8 relative=0x0000000000000a68
Event: 0.262 Thread 0x0000023be3deb180 Uncommon trap: reason=bimorphic_or_optimized_type_check action=maybe_recompile pc=0x0000023bf396d8e8 method=java.util.HashMap.putVal(ILjava/lang/Object;Ljava/lang/Object;ZZ)Ljava/lang/Object; @ 56 c2
Event: 0.262 Thread 0x0000023be3deb180 DEOPT PACKING pc=0x0000023bf396d8e8 sp=0x000000a7c14fecf0
Event: 0.262 Thread 0x0000023be3deb180 DEOPT UNPACKING pc=0x0000023bf3429d22 sp=0x000000a7c14fec78 mode 2
Event: 0.262 Thread 0x0000023be3deb180 Uncommon trap: trap_request=0xffffffc6 fr.pc=0x0000023bf396d8e8 relative=0x0000000000000a68
Event: 0.262 Thread 0x0000023be3deb180 Uncommon trap: reason=bimorphic_or_optimized_type_check action=maybe_recompile pc=0x0000023bf396d8e8 method=java.util.HashMap.putVal(ILjava/lang/Object;Ljava/lang/Object;ZZ)Ljava/lang/Object; @ 56 c2
Event: 0.262 Thread 0x0000023be3deb180 DEOPT PACKING pc=0x0000023bf396d8e8 sp=0x000000a7c14fecf0
Event: 0.262 Thread 0x0000023be3deb180 DEOPT UNPACKING pc=0x0000023bf3429d22 sp=0x000000a7c14fec78 mode 2
Event: 0.262 Thread 0x0000023be3deb180 Uncommon trap: trap_request=0xffffffc6 fr.pc=0x0000023bf396d8e8 relative=0x0000000000000a68
Event: 0.262 Thread 0x0000023be3deb180 Uncommon trap: reason=bimorphic_or_optimized_type_check action=maybe_recompile pc=0x0000023bf396d8e8 method=java.util.HashMap.putVal(ILjava/lang/Object;Ljava/lang/Object;ZZ)Ljava/lang/Object; @ 56 c2
Event: 0.262 Thread 0x0000023be3deb180 DEOPT PACKING pc=0x0000023bf396d8e8 sp=0x000000a7c14fecf0
Event: 0.262 Thread 0x0000023be3deb180 DEOPT UNPACKING pc=0x0000023bf3429d22 sp=0x000000a7c14fec78 mode 2
Event: 0.262 Thread 0x0000023be3deb180 Uncommon trap: trap_request=0xffffffc6 fr.pc=0x0000023bf396d8e8 relative=0x0000000000000a68
Event: 0.262 Thread 0x0000023be3deb180 Uncommon trap: reason=bimorphic_or_optimized_type_check action=maybe_recompile pc=0x0000023bf396d8e8 method=java.util.HashMap.putVal(ILjava/lang/Object;Ljava/lang/Object;ZZ)Ljava/lang/Object; @ 56 c2
Event: 0.262 Thread 0x0000023be3deb180 DEOPT PACKING pc=0x0000023bf396d8e8 sp=0x000000a7c14fecf0
Event: 0.262 Thread 0x0000023be3deb180 DEOPT UNPACKING pc=0x0000023bf3429d22 sp=0x000000a7c14fec78 mode 2

Classes loaded (20 events):
Event: 0.268 Loading class javax/swing/DefaultButtonModel
Event: 0.268 Loading class javax/swing/ButtonModel
Event: 0.268 Loading class javax/swing/ButtonModel done
Event: 0.268 Loading class javax/swing/DefaultButtonModel done
Event: 0.268 Loading class javax/swing/AbstractButton$Handler
Event: 0.268 Loading class java/awt/event/ActionListener
Event: 0.268 Loading class java/awt/event/ActionListener done
Event: 0.268 Loading class javax/swing/event/ChangeListener
Event: 0.268 Loading class javax/swing/event/ChangeListener done
Event: 0.268 Loading class java/awt/event/ItemListener
Event: 0.268 Loading class java/awt/event/ItemListener done
Event: 0.268 Loading class javax/swing/AbstractButton$Handler done
Event: 0.268 Loading class javax/swing/plaf/metal/MetalButtonUI
Event: 0.268 Loading class javax/swing/plaf/basic/BasicButtonUI
Event: 0.268 Loading class javax/swing/plaf/ButtonUI
Event: 0.268 Loading class javax/swing/plaf/ButtonUI done
Event: 0.268 Loading class javax/swing/plaf/basic/BasicButtonUI done
Event: 0.268 Loading class javax/swing/plaf/metal/MetalButtonUI done
Event: 0.268 Loading class java/awt/Graphics
Event: 0.268 Loading class java/awt/Graphics done

Classes unloaded (0 events):
No events

Classes redefined (0 events):
No events

Internal exceptions (12 events):
Event: 0.052 Thread 0x0000023be3deb180 Exception <a 'java/lang/NoSuchMethodError'{0x0000000620f1ea08}: 'void java.lang.invoke.DirectMethodHandle$Holder.invokeStatic(java.lang.Object, java.lang.Object, java.lang.Object)'> (0x0000000620f1ea08) 
thrown [s\open\src\hotspot\share\interpreter\linkResolver.cpp, line 773]
Event: 0.054 Thread 0x0000023be3deb180 Exception <a 'java/lang/NoSuchMethodError'{0x0000000620f35f10}: 'java.lang.Object java.lang.invoke.Invokers$Holder.invokeExact_MT(java.lang.Object, java.lang.Object, java.lang.Object, java.lang.Object, java.lang.Object)'> (0x0000000620f35f10) 
thrown [s\open\src\hotspot\share\interpreter\linkResolver.cpp, line 773]
Event: 0.062 Thread 0x0000023b8e22cc50 Exception <a 'java/lang/NoSuchMethodError'{0x0000000620f63598}: 'void java.lang.invoke.DirectMethodHandle$Holder.invokeStatic(java.lang.Object, java.lang.Object)'> (0x0000000620f63598) 
thrown [s\open\src\hotspot\share\interpreter\linkResolver.cpp, line 773]
Event: 0.074 Thread 0x0000023be3deb180 Exception <a 'java/lang/ClassNotFoundException'{0x0000000620f58900}: sun/awt/resources/spi/awtProvider> (0x0000000620f58900) 
thrown [s\open\src\hotspot\share\classfile\systemDictionary.cpp, line 305]
Event: 0.085 Thread 0x0000023be3deb180 Exception <a 'java/io/FileNotFoundException'{0x0000000620828040}> (0x0000000620828040) 
thrown [s\open\src\hotspot\share\prims\jni.cpp, line 519]
Event: 0.088 Thread 0x0000023be3deb180 Exception <a 'java/io/FileNotFoundException'{0x0000000620851e30}> (0x0000000620851e30) 
thrown [s\open\src\hotspot\share\prims\jni.cpp, line 519]
Event: 0.240 Thread 0x0000023be3deb180 Exception <a 'java/lang/NoSuchMethodError'{0x00000006208dddf8}: 'void java.lang.invoke.DirectMethodHandle$Holder.invokeSpecial(java.lang.Object, java.lang.Object, java.lang.Object)'> (0x00000006208dddf8) 
thrown [s\open\src\hotspot\share\interpreter\linkResolver.cpp, line 773]
Event: 0.244 Thread 0x0000023be3deb180 Exception <a 'java/lang/NoSuchMethodError'{0x00000006209fdd78}: 'java.lang.Object java.lang.invoke.DirectMethodHandle$Holder.newInvokeSpecial(java.lang.Object, java.lang.Object, java.lang.Object, java.lang.Object, java.lang.Object)'> (0x00000006209fdd78) 
thrown [s\open\src\hotspot\share\interpreter\linkResolver.cpp, line 773]
Event: 0.248 Thread 0x0000023be3deb180 Exception <a 'java/lang/NoSuchMethodError'{0x0000000620a2e420}: 'java.lang.Object java.lang.invoke.DirectMethodHandle$Holder.invokeStatic(java.lang.Object, int, java.lang.Object)'> (0x0000000620a2e420) 
thrown [s\open\src\hotspot\share\interpreter\linkResolver.cpp, line 773]
Event: 0.262 Thread 0x0000023be3deb180 Exception <a 'java/lang/ClassNotFoundException'{0x0000000620ae99e8}: com/sun/swing/internal/plaf/metal/resources/spi/metalProvider> (0x0000000620ae99e8) 
thrown [s\open\src\hotspot\share\classfile\systemDictionary.cpp, line 305]
Event: 0.262 Thread 0x0000023be3deb180 Exception <a 'java/lang/ClassNotFoundException'{0x0000000620aed998}: com/sun/swing/internal/plaf/basic/resources/spi/basicProvider> (0x0000000620aed998) 
thrown [s\open\src\hotspot\share\classfile\systemDictionary.cpp, line 305]
Event: 0.267 Thread 0x0000023be3deb180 Exception <a 'java/lang/NoSuchMethodError'{0x0000000620b099e8}: 'int java.lang.invoke.Invokers$Holder.invokeExact_MT(java.lang.Object, java.lang.Object)'> (0x0000000620b099e8) 
thrown [s\open\src\hotspot\share\interpreter\linkResolver.cpp, line 773]

VM Operations (6 events):
Event: 0.036 Executing VM operation: HandshakeAllThreads
Event: 0.036 Executing VM operation: HandshakeAllThreads done
Event: 0.058 Executing VM operation: HandshakeAllThreads
Event: 0.058 Executing VM operation: HandshakeAllThreads done
Event: 0.268 Executing VM operation: HandshakeAllThreads
Event: 0.268 Executing VM operation: HandshakeAllThreads done

Events (15 events):
Event: 0.011 Thread 0x0000023be3deb180 Thread added: 0x0000023be3deb180
Event: 0.019 Thread 0x0000023b8e01b100 Thread added: 0x0000023b8e01b100
Event: 0.019 Thread 0x0000023b8e01bf00 Thread added: 0x0000023b8e01bf00
Event: 0.019 Thread 0x0000023b8e020300 Thread added: 0x0000023b8e020300
Event: 0.019 Thread 0x0000023b8e020c40 Thread added: 0x0000023b8e020c40
Event: 0.019 Thread 0x0000023b8e021580 Thread added: 0x0000023b8e021580
Event: 0.019 Thread 0x0000023b8e0226d0 Thread added: 0x0000023b8e0226d0
Event: 0.019 Thread 0x0000023b8e025350 Thread added: 0x0000023b8e025350
Event: 0.019 Thread 0x0000023b8e0264f0 Thread added: 0x0000023b8e0264f0
Event: 0.032 Thread 0x0000023b8e13c750 Thread added: 0x0000023b8e13c750
Event: 0.057 Thread 0x0000023b8e22cc50 Thread added: 0x0000023b8e22cc50
Event: 0.057 Thread 0x0000023b8e22d1a0 Thread added: 0x0000023b8e22d1a0
Event: 0.109 Thread 0x0000023b8e3cff00 Thread added: 0x0000023b8e3cff00
Event: 0.110 Thread 0x0000023b8e3f33a0 Thread added: 0x0000023b8e3f33a0
Event: 0.110 Thread 0x0000023b8e3f8840 Thread added: 0x0000023b8e3f8840


Dynamic libraries:
0x00007ff688cf0000 - 0x00007ff688d00000 	D:\JDKs\bin\java.exe
0x00007ffe9bbd0000 - 0x00007ffe9bdc8000 	C:\Windows\SYSTEM32\ntdll.dll
0x00007ffe9acc0000 - 0x00007ffe9ad82000 	C:\Windows\System32\KERNEL32.DLL
0x00007ffe99530000 - 0x00007ffe9982e000 	C:\Windows\System32\KERNELBASE.dll
0x00007ffe964e0000 - 0x00007ffe96574000 	C:\Windows\SYSTEM32\apphelp.dll
0x00007ffe992d0000 - 0x00007ffe993d0000 	C:\Windows\System32\ucrtbase.dll
0x00007ffe8da40000 - 0x00007ffe8da59000 	D:\JDKs\bin\jli.dll
0x00007ffe963f0000 - 0x00007ffe9640e000 	C:\Windows\SYSTEM32\VCRUNTIME140.dll
0x00007ffe9aa60000 - 0x00007ffe9ab11000 	C:\Windows\System32\ADVAPI32.dll
0x00007ffe9a140000 - 0x00007ffe9a1de000 	C:\Windows\System32\msvcrt.dll
0x00007ffe9af90000 - 0x00007ffe9b02f000 	C:\Windows\System32\sechost.dll
0x00007ffe9ae60000 - 0x00007ffe9af83000 	C:\Windows\System32\RPCRT4.dll
0x00007ffe99270000 - 0x00007ffe99297000 	C:\Windows\System32\bcrypt.dll
0x00007ffe9b560000 - 0x00007ffe9b6fd000 	C:\Windows\System32\USER32.dll
0x00007ffe992a0000 - 0x00007ffe992c2000 	C:\Windows\System32\win32u.dll
0x00007ffe9b030000 - 0x00007ffe9b05b000 	C:\Windows\System32\GDI32.dll
0x00007ffe999d0000 - 0x00007ffe99ae7000 	C:\Windows\System32\gdi32full.dll
0x00007ffe7d160000 - 0x00007ffe7d3fa000 	C:\Windows\WinSxS\amd64_microsoft.windows.common-controls_6595b64144ccf1df_6.0.19041.4355_none_60b8b9eb71f62e16\COMCTL32.dll
0x00007ffe998c0000 - 0x00007ffe9995d000 	C:\Windows\System32\msvcp_win.dll
0x00007ffe900c0000 - 0x00007ffe900ca000 	C:\Windows\SYSTEM32\VERSION.dll
0x00007ffe99c00000 - 0x00007ffe99c2f000 	C:\Windows\System32\IMM32.DLL
0x00007ffe7ec20000 - 0x00007ffe7ec3b000 	D:\JDKs\bin\vcruntime140.dll
0x00007ffe94000000 - 0x00007ffe9400c000 	D:\JDKs\bin\vcruntime140_1.dll
0x00007ffe636a0000 - 0x00007ffe6372e000 	D:\JDKs\bin\msvcp140.dll
0x00007ffe16c20000 - 0x00007ffe178b7000 	D:\JDKs\bin\server\jvm.dll
0x00007ffe7d400000 - 0x00007ffe7d409000 	C:\Windows\SYSTEM32\WSOCK32.dll
0x00007ffe8e110000 - 0x00007ffe8e137000 	C:\Windows\SYSTEM32\WINMM.dll
0x00007ffe9ad90000 - 0x00007ffe9adfb000 	C:\Windows\System32\WS2_32.dll
0x00007ffe970d0000 - 0x00007ffe970e2000 	C:\Windows\SYSTEM32\kernel.appcore.dll
0x00007ffe87e80000 - 0x00007ffe87e8a000 	D:\JDKs\bin\jimage.dll
0x00007ffe8bff0000 - 0x00007ffe8c1d4000 	C:\Windows\SYSTEM32\DBGHELP.DLL
0x00007ffe720a0000 - 0x00007ffe720d4000 	C:\Windows\SYSTEM32\dbgcore.DLL
0x00007ffe99830000 - 0x00007ffe998b2000 	C:\Windows\System32\bcryptPrimitives.dll
0x00007ffe85800000 - 0x00007ffe8580e000 	D:\JDKs\bin\instrument.dll
0x00007ffe6d820000 - 0x00007ffe6d846000 	D:\JDKs\bin\java.dll
0x00007ffe635c0000 - 0x00007ffe63697000 	D:\JDKs\bin\jsvml.dll
0x00007ffe9a1e0000 - 0x00007ffe9a94d000 	C:\Windows\System32\SHELL32.dll
0x00007ffe972d0000 - 0x00007ffe97a74000 	C:\Windows\SYSTEM32\windows.storage.dll
0x00007ffe9b700000 - 0x00007ffe9ba53000 	C:\Windows\System32\combase.dll
0x00007ffe98af0000 - 0x00007ffe98b1e000 	C:\Windows\SYSTEM32\Wldp.dll
0x00007ffe9a010000 - 0x00007ffe9a0dd000 	C:\Windows\System32\OLEAUT32.dll
0x00007ffe99ee0000 - 0x00007ffe99f8d000 	C:\Windows\System32\SHCORE.dll
0x00007ffe9ae00000 - 0x00007ffe9ae55000 	C:\Windows\System32\shlwapi.dll
0x00007ffe991a0000 - 0x00007ffe991c4000 	C:\Windows\SYSTEM32\profapi.dll
0x00007ffe6d7e0000 - 0x00007ffe6d7f8000 	D:\JDKs\bin\zip.dll
0x00007ffe6fdb0000 - 0x00007ffe6fdc3000 	D:\JDKs\bin\net.dll
0x00007ffe92bd0000 - 0x00007ffe92cdd000 	C:\Windows\SYSTEM32\WINHTTP.dll
0x00007ffe988d0000 - 0x00007ffe9893a000 	C:\Windows\system32\mswsock.dll
0x00007ffe6d800000 - 0x00007ffe6d816000 	D:\JDKs\bin\nio.dll
0x00007ffe6bcf0000 - 0x00007ffe6bd0a000 	C:\Program Files\JetBrains\IntelliJ IDEA Community Edition 2024.3.1.1\bin\breakgen64.dll
0x00007ffe83a20000 - 0x00007ffe83a27000 	D:\JDKs\bin\extnet.dll
0x00007ffe50e30000 - 0x00007ffe50fc1000 	D:\JDKs\bin\awt.dll
0x00007ffe96ef0000 - 0x00007ffe96f1f000 	C:\Windows\system32\DWMAPI.DLL
0x00007ffe96be0000 - 0x00007ffe96c7e000 	C:\Windows\system32\uxtheme.dll
0x00007ffe806e0000 - 0x00007ffe80808000 	C:\Windows\system32\opengl32.dll
0x00007ffe7f810000 - 0x00007ffe7f83c000 	C:\Windows\SYSTEM32\GLU32.dll
0x00007ffe9ba60000 - 0x00007ffe9bb75000 	C:\Windows\System32\MSCTF.dll
0x00007ffe9ab20000 - 0x00007ffe9ac4b000 	C:\Windows\System32\ole32.dll
0x00007ffe7fb20000 - 0x00007ffe7fcf1000 	C:\Windows\system32\d3d9.dll
0x00007ffe8d870000 - 0x00007ffe8d934000 	C:\Windows\System32\DriverStore\FileRepository\nv_dispi.inf_amd64_9425e4c3b1ac1c47\nvldumdx.dll
0x00007ffe98d60000 - 0x00007ffe98d72000 	C:\Windows\SYSTEM32\msasn1.dll
0x00007ffe900f0000 - 0x00007ffe90121000 	C:\Windows\SYSTEM32\cryptnet.dll
0x00007ffe993d0000 - 0x00007ffe9952c000 	C:\Windows\System32\CRYPT32.dll
0x00007ffe98a60000 - 0x00007ffe98a6c000 	C:\Windows\SYSTEM32\cryptbase.dll
0x00007ffe90b90000 - 0x00007ffe90cd7000 	C:\Windows\SYSTEM32\drvstore.dll
0x00007ffe98f30000 - 0x00007ffe98f63000 	C:\Windows\SYSTEM32\devobj.dll
0x00007ffe99ba0000 - 0x00007ffe99bee000 	C:\Windows\System32\cfgmgr32.dll
0x00007ffe99960000 - 0x00007ffe999c9000 	C:\Windows\System32\wintrust.dll
0x00007ffe99d10000 - 0x00007ffe99d2d000 	C:\Windows\System32\imagehlp.dll
0x00007ffe98b30000 - 0x00007ffe98b48000 	C:\Windows\SYSTEM32\CRYPTSP.dll
0x00007ffe98210000 - 0x00007ffe98244000 	C:\Windows\system32\rsaenh.dll
0x00007ffe89280000 - 0x00007ffe8bf90000 	C:\Windows\System32\DriverStore\FileRepository\nv_dispi.inf_amd64_9425e4c3b1ac1c47\nvgpucomp64.dll
0x00007ffe41950000 - 0x00007ffe436dc000 	C:\Windows\System32\DriverStore\FileRepository\nv_dispi.inf_amd64_9425e4c3b1ac1c47\nvd3dumx.dll
0x00007ffe87390000 - 0x00007ffe8768b000 	C:\Windows\system32\nvspcap64.dll
0x00007ffe98460000 - 0x00007ffe98493000 	C:\Windows\SYSTEM32\ntmarta.dll
0x00007ffe97a90000 - 0x00007ffe97ab3000 	C:\Windows\SYSTEM32\gpapi.dll
0x00007ffe85820000 - 0x00007ffe85975000 	C:\Windows\System32\DriverStore\FileRepository\nv_dispi.inf_amd64_9425e4c3b1ac1c47\nvppex.dll
0x00007ffe8e030000 - 0x00007ffe8e06b000 	C:\Windows\SYSTEM32\dxcore.dll

dbghelp: loaded successfully - version: 4.0.5 - missing functions: none
symbol engine: initialized successfully - sym options: 0x614 - pdb path: .;D:\JDKs\bin;C:\Windows\SYSTEM32;C:\Windows\WinSxS\amd64_microsoft.windows.common-controls_6595b64144ccf1df_6.0.19041.4355_none_60b8b9eb71f62e16;D:\JDKs\bin\server;C:\Program Files\JetBrains\IntelliJ IDEA Community Edition 2024.3.1.1\bin;C:\Windows\System32\DriverStore\FileRepository\nv_dispi.inf_amd64_9425e4c3b1ac1c47

VM Arguments:
jvm_args: -javaagent:C:\Program Files\JetBrains\IntelliJ IDEA Community Edition 2024.3.1.1\lib\idea_rt.jar=5199:C:\Program Files\JetBrains\IntelliJ IDEA Community Edition 2024.3.1.1\bin -Dfile.encoding=UTF-8 -Dsun.stdout.encoding=UTF-8 -Dsun.stderr.encoding=UTF-8 
java_command: Main
java_class_path (initial): C:\Users\bdstu\Desktop\me\projects\Java\PO2CharacterStatAssistant\out\production\PO2CharacterStatAssistant
Launcher Type: SUN_STANDARD

[Global flags]
     intx CICompilerCount                          = 4                                         {product} {ergonomic}
     uint ConcGCThreads                            = 2                                         {product} {ergonomic}
     uint G1ConcRefinementThreads                  = 8                                         {product} {ergonomic}
   size_t G1HeapRegionSize                         = 4194304                                   {product} {ergonomic}
    uintx GCDrainStackTargetSize                   = 64                                        {product} {ergonomic}
   size_t InitialHeapSize                          = 536870912                                 {product} {ergonomic}
   size_t MarkStackSize                            = 4194304                                   {product} {ergonomic}
   size_t MaxHeapSize                              = 8573157376                                {product} {ergonomic}
   size_t MaxNewSize                               = 5142216704                                {product} {ergonomic}
   size_t MinHeapDeltaBytes                        = 4194304                                   {product} {ergonomic}
   size_t MinHeapSize                              = 8388608                                   {product} {ergonomic}
    uintx NonNMethodCodeHeapSize                   = 5839372                                {pd product} {ergonomic}
    uintx NonProfiledCodeHeapSize                  = 122909434                              {pd product} {ergonomic}
    uintx ProfiledCodeHeapSize                     = 122909434                              {pd product} {ergonomic}
    uintx ReservedCodeCacheSize                    = 251658240                              {pd product} {ergonomic}
     bool SegmentedCodeCache                       = true                                      {product} {ergonomic}
   size_t SoftMaxHeapSize                          = 8573157376                             {manageable} {ergonomic}
     bool UseCompressedClassPointers               = true                           {product lp64_product} {ergonomic}
     bool UseCompressedOops                        = true                           {product lp64_product} {ergonomic}
     bool UseG1GC                                  = true                                      {product} {ergonomic}
     bool UseLargePagesIndividualAllocation        = false                                  {pd product} {ergonomic}

Logging:
Log output configuration:
 #0: stdout all=warning uptime,level,tags foldmultilines=false
 #1: stderr all=off uptime,level,tags foldmultilines=false

Environment Variables:
PATH=C:\Program Files\Mozilla Firefox;C:\Program Files\NVIDIA GPU Computing Toolkit\CUDA\v12.2\bin;C:\Program Files\NVIDIA GPU Computing Toolkit\CUDA\v12.2\libnvvp;C:\Program Files\Common Files\Oracle\Java\javapath;C:\Windows\system32;C:\Windows;C:\Windows\System32\Wbem;C:\Windows\System32\WindowsPowerShell\v1.0\;C:\Windows\System32\OpenSSH\;C:\Program Files\wooting-analog-sdk\;C:\Program Files\NVIDIA Corporation\Nsight Compute 2023.2.0\;C:\Program Files\Microsoft SQL Server\150\Tools\Binn\;C:\Program Files\Microsoft SQL Server\Client SDK\ODBC\170\Tools\Binn\;C:\Program Files\dotnet\;C:\ProgramData\chocolatey\bin;C:\Program Files (x86)\Windows Kits\10\Windows Performance Toolkit\;C:\Users\bdstu\AppData\Roaming\nvm;C:\Program Files\nodejs;C:\Program Files (x86)\NVIDIA Corporation\PhysX\Common;C:\Program Files\NVIDIA Corporation\NVIDIA app\NvDLISR;D:\School Stuff\cmd;C:\Users\bdstu\AppData\Local\Programs\Python\Python312\Scripts\;C:\Users\bdstu\AppData\Local\Programs\Python\Python312\;C:\Users\bdstu\AppData\Local\Programs\Python\Python310\Scripts\;C:\Users\bdstu\AppData\Local\Programs\Python\Python310\;C:\Users\bdstu\AppData\Local\Microsoft\WindowsApps;D:\Gradle\bin;D:\IntelliJ\bin;;C:\Users\bdstu\.dotnet\tools;C:\Users\bdstu\AppData\Roaming\npm;C:\Users\bdstu\AppData\Local\Programs\Microsoft VS Code\bin;C:\Users\bdstu\AppData\Roaming\nvm;C:\Program Files\nodejs;C:\Users\bdstu\AppData\Local\GitHubDesktop\bin;C:\Exercism;C:\Program Files\JetBrains\IntelliJ IDEA Community Edition 2024.2.0.1\bin;
USERNAME=bdstu
OS=Windows_NT
PROCESSOR_IDENTIFIER=Intel64 Family 6 Model 158 Stepping 13, GenuineIntel
TMP=C:\Users\bdstu\AppData\Local\Temp
TEMP=C:\Users\bdstu\AppData\Local\Temp




---------------  S Y S T E M  ---------------

OS:
 Windows 10 , 64 bit Build 19041 (10.0.19041.5198)
OS uptime: 3 days 8:12 hours
Hyper-V role detected

CPU: total 8 (initial active 8) (8 cores per cpu, 1 threads per core) family 6 model 158 stepping 13 microcode 0xaa, cx8, cmov, fxsr, mmx, 3dnowpref, sse, sse2, sse3, ssse3, sse4.1, sse4.2, popcnt, lzcnt, tsc, tscinvbit, avx, avx2, aes, erms, clmul, bmi1, bmi2, rtm, adx, fma, vzeroupper, clflush, clflushopt, hv, rdtscp, f16c

Memory: 4k page, system-wide physical 32702M (17670M free)
TotalPageFile size 34750M (AvailPageFile size 11994M)
current process WorkingSet (physical memory assigned to process): 69M, peak: 69M
current process commit charge ("private bytes"): 634M, peak: 634M

vm_info: Java HotSpot(TM) 64-Bit Server VM (20.0.1+9-29) for windows-amd64 JRE (20.0.1+9-29), built on 2023-03-07T13:56:11Z by "mach5one" with MS VC++ 17.1 (VS2022)

END.
